TN:
SF:static/js/utils.js
FN:2,splitCoordinatesIntoLatLng
FN:14,getEmbeddedTweetUrl
FN:22,getDateString
FN:27,imageRequest
FN:28,(anonymous_4)
FN:31,(anonymous_5)
FN:41,(anonymous_6)
FNF:7
FNH:5
FNDA:3,splitCoordinatesIntoLatLng
FNDA:2,getEmbeddedTweetUrl
FNDA:1,getDateString
FNDA:1,imageRequest
FNDA:1,(anonymous_4)
FNDA:0,(anonymous_5)
FNDA:0,(anonymous_6)
DA:3,3
DA:4,3
DA:6,3
DA:7,1
DA:9,2
DA:15,2
DA:16,1
DA:18,1
DA:23,1
DA:24,1
DA:28,1
DA:29,1
DA:30,1
DA:31,1
DA:32,0
DA:33,0
DA:34,0
DA:35,0
DA:37,0
DA:41,1
DA:43,1
DA:44,1
DA:45,1
LF:23
LH:18
BRDA:6,0,0,1
BRDA:6,0,1,2
BRDA:6,1,0,3
BRDA:6,1,1,2
BRDA:15,2,0,1
BRDA:15,2,1,1
BRDA:15,3,0,2
BRDA:15,3,1,2
BRDA:32,4,0,0
BRDA:32,4,1,0
BRDA:32,5,0,0
BRDA:32,5,1,0
BRDA:34,6,0,0
BRDA:34,6,1,0
BRF:14
BRH:8
end_of_record
